<?xml version="1.0" encoding="UTF-8"?>
<!-- Generated by org.testng.reporters.JUnitReportReporter -->
<<<<<<< HEAD
<testsuite hostname="DESKTOP-RJ0D9O3" failures="0" tests="2" name="testcases.Testcase1" time="9.231" errors="0" timestamp="2025-01-30T15:56:36 IST" skipped="0">
  <testcase classname="testcases.Testcase1" name="chromeBrowserTest2" time="6.524"/>
  <testcase classname="testcases.Testcase1" name="Reg_Test1" time="2.707"/>
=======
<testsuite hostname="DESKTOP-RJ0D9O3" failures="0" tests="2" name="testcases.Testcase1" time="5.973" errors="0" timestamp="2025-01-30T15:46:09 IST" skipped="0">
  <testcase classname="testcases.Testcase1" name="Reg_Test1" time="4.006"/>
  <system-out/>
  <testcase classname="testcases.Testcase1" name="chromeBrowserTest2" time="1.967"/>
  <system-out/>
>>>>>>> 8ac808ad2be40d87a5425c37801a5c6c02e68fb4
</testsuite> <!-- testcases.Testcase1 -->
