<?xml version="1.0" encoding="UTF-8"?>
<!-- Generated by org.testng.reporters.JUnitReportReporter -->
<testsuite hostname="DESKTOP-RJ0D9O3" failures="0" tests="2" name="testcases.Testcase1" time="6.355" errors="0" timestamp="2025-01-30T15:38:11 IST" skipped="0">
  <testcase classname="testcases.Testcase1" name="Reg_Test1" time="3.600"/>
  <system-out/>
  <testcase classname="testcases.Testcase1" name="chromeBrowserTest2" time="2.755"/>
  <system-out/>
</testsuite> <!-- testcases.Testcase1 -->
