<?xml version="1.0" encoding="UTF-8"?>
<!-- Generated by org.testng.reporters.JUnitReportReporter -->
<testsuite hostname="DESKTOP-RJ0D9O3" failures="0" tests="2" name="testcases.Testcase1" time="5.027" errors="0" timestamp="2025-01-30T12:58:25 IST" skipped="0">
  <testcase classname="testcases.Testcase1" name="chromeBrowserTest2" time="2.828"/>
  <system-out/>
  <testcase classname="testcases.Testcase1" name="Reg_Test1" time="2.199"/>
  <system-out/>
</testsuite> <!-- testcases.Testcase1 -->
