<?xml version="1.0" encoding="UTF-8"?>
<!-- Generated by org.testng.reporters.JUnitReportReporter -->
<testsuite hostname="DESKTOP-RJ0D9O3" failures="0" tests="2" name="testcases.Testcase2" time="8.101" errors="0" timestamp="2025-01-30T15:36:38 IST" skipped="0">
  <testcase classname="testcases.Testcase2" name="Fun_Test1" time="2.577"/>
  <testcase classname="testcases.Testcase2" name="chromeBrowserTest2" time="5.524"/>
</testsuite> <!-- testcases.Testcase2 -->
